#
# An unexpected error has been detected by Java Runtime Environment:
#
#  EXCEPTION_ACCESS_VIOLATION (0xc0000005) at pc=0x6d90df57, pid=9036, tid=9472
#
# Java VM: Java HotSpot(TM) Client VM (11.0-b15 mixed mode windows-x86)
# Problematic frame:
# V  [jvm.dll+0x5df57]
#
# If you would like to submit a bug report, please visit:
#   http://java.sun.com/webapps/bugreport/crash.jsp
#

---------------  T H R E A D  ---------------

Current thread (0x023a4c00):  VMThread [stack: 0x0c4d0000,0x0c520000] [id=9472]

siginfo: ExceptionCode=0xc0000005, reading address 0x0000003a

Registers:
EAX=0x02325170, EBX=0x023251ac, ECX=0x0000002e, EDX=0x6da8c108
ESP=0x0c51f598, EBP=0x024cf0a0, ESI=0x086e0630, EDI=0x086e0630
EIP=0x6d90df57, EFLAGS=0x00010297

Top of Stack: (sp=0x0c51f598)
0x0c51f598:   086e0630 086e0630 6da2ecc0 6d8ce6eb
0x0c51f5a8:   086e0630 0c51f5f0 0c51f5f0 00000002
0x0c51f5b8:   02322320 6d95f8b1 086e0738 02324fc8
0x0c51f5c8:   6d95f681 02325170 6d92e9e3 0c51f5f0
0x0c51f5d8:   00000000 02322378 086e0738 6d95f497
0x0c51f5e8:   0c51f5f0 00000000 6da948c8 086e0738
0x0c51f5f8:   00000000 6d95a123 086e0738 086e0738
0x0c51f608:   00000000 0c51f720 00000000 6d9ef6a3 

Instructions: (pc=0x6d90df57)
0x6d90df47:   cc cc cc cc cc cc cc cc cc 51 56 8b f1 8b 4e 04
0x6d90df57:   8b 51 0c 83 c1 08 8b c2 c1 f8 02 85 d2 89 54 24 


Stack: [0x0c4d0000,0x0c520000],  sp=0x0c51f598,  free space=317k
Native frames: (J=compiled Java code, j=interpreted, Vv=VM code, C=native code)
V  [jvm.dll+0x5df57]

VM_Operation (0x003cf498): GenCollectForAllocation, mode: safepoint, requested by thread 0x024cdc00


---------------  P R O C E S S  ---------------

Java Threads: ( => current thread )
  0x0cd39800 JavaThread "Low Memory Detector" daemon [_thread_blocked, id=18096, stack(0x0cbb0000,0x0cc00000)]
  0x0cd3b400 JavaThread "CompilerThread0" daemon [_thread_blocked, id=17840, stack(0x0cb60000,0x0cbb0000)]
  0x023ff400 JavaThread "JDWP Command Reader" daemon [_thread_in_native, id=16824, stack(0x0c9f0000,0x0ca40000)]
  0x023fec00 JavaThread "JDWP Event Helper Thread" daemon [_thread_blocked, id=15428, stack(0x0c960000,0x0c9b0000)]
  0x023fd000 JavaThread "JDWP Transport Listener: dt_socket" daemon [_thread_blocked, id=17268, stack(0x0c840000,0x0c890000)]
  0x023ee400 JavaThread "Attach Listener" daemon [_thread_blocked, id=6856, stack(0x0c710000,0x0c760000)]
  0x023bf000 JavaThread "Signal Dispatcher" daemon [_thread_blocked, id=15140, stack(0x0c680000,0x0c6d0000)]
  0x023ad000 JavaThread "Finalizer" daemon [_thread_blocked, id=17488, stack(0x0c5f0000,0x0c640000)]
  0x023a8400 JavaThread "Reference Handler" daemon [_thread_blocked, id=13816, stack(0x0c560000,0x0c5b0000)]
  0x024cdc00 JavaThread "main" [_thread_blocked, id=10288, stack(0x00380000,0x003d0000)]

Other Threads:
=>0x023a4c00 VMThread [stack: 0x0c4d0000,0x0c520000] [id=9472]
  0x0cd48c00 WatcherThread [stack: 0x0cc40000,0x0cc90000] [id=15960]

VM state:at safepoint (normal execution)

VM Mutex/Monitor currently owned by a thread:  ([mutex/lock_event])
[0x024cc108] UNKNOWN - owner thread: 0x023a4c00
[0x024cc568] UNKNOWN - owner thread: 0x024cdc00

Heap
 def new generation   total 4544K, used 0K [0x044d0000, 0x049b0000, 0x049b0000)
  eden space 4096K,   0% used [0x044d0000, 0x044d0000, 0x048d0000)
  from space 448K,   0% used [0x04940000, 0x04940000, 0x049b0000)
  to   space 448K,   0% used [0x048d0000, 0x048d0000, 0x04940000)
 tenured generation   total 60544K, used 50835K [0x049b0000, 0x084d0000, 0x084d0000)
   the space 60544K,  83% used [0x049b0000, 0x07b54ec0, 0x07b55000, 0x084d0000)
 compacting perm gen  total 12288K, used 3518K [0x084d0000, 0x090d0000, 0x0c4d0000)
   the space 12288K,  28% used [0x084d0000, 0x0883fa18, 0x0883b000, 0x090d0000)
No shared spaces configured.

Dynamic libraries:
0x00400000 - 0x00424000 	C:\Program Files (x86)\Java\jdk1.6.0_10\bin\javaw.exe
0x777b0000 - 0x77930000 	C:\Windows\SysWOW64\ntdll.dll
0x76f50000 - 0x77060000 	C:\Windows\syswow64\kernel32.dll
0x75a00000 - 0x75a47000 	C:\Windows\syswow64\KERNELBASE.dll
0x75960000 - 0x75a00000 	C:\Windows\syswow64\ADVAPI32.dll
0x76600000 - 0x766ac000 	C:\Windows\syswow64\msvcrt.dll
0x768f0000 - 0x76909000 	C:\Windows\SysWOW64\sechost.dll
0x77180000 - 0x77270000 	C:\Windows\syswow64\RPCRT4.dll
0x74cb0000 - 0x74d10000 	C:\Windows\syswow64\SspiCli.dll
0x74ca0000 - 0x74cac000 	C:\Windows\syswow64\CRYPTBASE.dll
0x76770000 - 0x76870000 	C:\Windows\syswow64\USER32.dll
0x76340000 - 0x763d0000 	C:\Windows\syswow64\GDI32.dll
0x77140000 - 0x7714a000 	C:\Windows\syswow64\LPK.dll
0x76560000 - 0x765fd000 	C:\Windows\syswow64\USP10.dll
0x75d10000 - 0x75d70000 	C:\Windows\system32\IMM32.DLL
0x76d40000 - 0x76e0c000 	C:\Windows\syswow64\MSCTF.dll
0x7c340000 - 0x7c396000 	C:\Program Files (x86)\Java\jdk1.6.0_10\jre\bin\msvcr71.dll
0x6d8b0000 - 0x6db06000 	C:\Program Files (x86)\Java\jdk1.6.0_10\jre\bin\client\jvm.dll
0x76130000 - 0x76162000 	C:\Windows\syswow64\WINMM.dll
0x72b00000 - 0x72b4c000 	C:\Windows\system32\apphelp.dll
0x6d330000 - 0x6d338000 	C:\Program Files (x86)\Java\jdk1.6.0_10\jre\bin\hpi.dll
0x766b0000 - 0x766b5000 	C:\Windows\syswow64\PSAPI.DLL
0x6d420000 - 0x6d449000 	C:\Program Files (x86)\Java\jdk1.6.0_10\jre\bin\jdwp.dll
0x6d750000 - 0x6d756000 	C:\Program Files (x86)\Java\jdk1.6.0_10\jre\bin\npt.dll
0x6d860000 - 0x6d86c000 	C:\Program Files (x86)\Java\jdk1.6.0_10\jre\bin\verify.dll
0x6d3d0000 - 0x6d3ef000 	C:\Program Files (x86)\Java\jdk1.6.0_10\jre\bin\java.dll
0x6d8a0000 - 0x6d8af000 	C:\Program Files (x86)\Java\jdk1.6.0_10\jre\bin\zip.dll
0x6d2a0000 - 0x6d2a7000 	C:\Program Files (x86)\Java\jdk1.6.0_10\jre\bin\dt_socket.dll
0x76520000 - 0x76555000 	C:\Windows\syswow64\WS2_32.dll
0x75af0000 - 0x75af6000 	C:\Windows\syswow64\NSI.dll
0x746f0000 - 0x74700000 	C:\Windows\system32\NLAapi.dll
0x745f0000 - 0x74600000 	C:\Windows\system32\napinsp.dll
0x6e640000 - 0x6e652000 	C:\Windows\system32\pnrpnsp.dll
0x72810000 - 0x7284c000 	C:\Windows\System32\mswsock.dll
0x72cc0000 - 0x72d04000 	C:\Windows\system32\DNSAPI.dll
0x70d30000 - 0x70d38000 	C:\Windows\System32\winrnr.dll
0x73000000 - 0x7301c000 	C:\Windows\system32\IPHLPAPI.DLL
0x72ff0000 - 0x72ff7000 	C:\Windows\system32\WINNSI.DLL
0x70180000 - 0x701b8000 	C:\Windows\System32\fwpuclnt.dll
0x70db0000 - 0x70db6000 	C:\Windows\system32\rasadhlp.dll
0x728c0000 - 0x728c5000 	C:\Windows\System32\wshtcpip.dll

VM Arguments:
jvm_args: -agentlib:jdwp=transport=dt_socket,suspend=y,address=localhost:18722 -Dfile.encoding=GBK -Xbootclasspath/p:E:\eclipse\Common\plugins\com.genuitec.eclipse.j2eedt.core_9.0.0.me201106292137\data\libraryset\EE_5\javaee.jar;E:\eclipse\Common\plugins\com.genuitec.eclipse.j2eedt.core_9.0.0.me201106292137\data\libraryset\EE_5\jsf-impl.jar;E:\eclipse\Common\plugins\com.genuitec.eclipse.j2eedt.core_9.0.0.me201106292137\data\libraryset\EE_5\jsf-api.jar;E:\eclipse\Common\plugins\com.genuitec.eclipse.j2eedt.core_9.0.0.me201106292137\data\libraryset\EE_5\jstl-1.2.jar 
java_command: sparseData.AdaptMainFunctionANNInputLengthDegreeRatioExpectationDeviation
Launcher Type: SUN_STANDARD

Environment Variables:
JAVA_HOME=C:\Program Files (x86)\Java\jdk1.6.0_10
PATH=C:\Program Files (x86)\Java\jdk1.6.0_10\jre\bin;E:\software\product\11.2.0\client_1\bin;C:\ProgramData\Oracle\Java\javapath;E:\oracle\product\10.2.0\client_1\bin;C:\Windows\system32;C:\Windows;C:\Windows\System32\Wbem;C:\Windows\System32\WindowsPowerShell\v1.0\;C:\Program Files (x86)\ATI Technologies\ATI.ACE\Core-Static;C:\Program Files (x86)\Microsoft SQL Server\100\Tools\Binn\;C:\Program Files\Microsoft SQL Server\100\Tools\Binn\;C:\Program Files\Microsoft SQL Server\100\DTS\Binn\;e:\Program Files\MATLAB\R2012a\runtime\win64;e:\Program Files\MATLAB\R2012a\bin;C:\Program Files (x86)\Java\jdk1.6.0_10\bin;E:\Program Files (x86)\TortoiseSVN\bin;C:\Program Files (x86)\Java\jdk1.6.0_10\lib\dt.jar;C:\Program Files (x86)\Java\jdk1.6.0_10\lib\tools.jar;E:\apache-tomcat-6.0.35\common\lib\servlet.jar;ArcGIS Desktop\java\lib;ArcGIS Desktop\java\jre;ArcGIS Desktop\bin;E:\software\matlab\runtime\win64;E:\software\matlab\bin;C:\Program Files (x86)\IDM Computer Solutions\UltraEdit\;C:\Program Files (x86)\DBank\ClickUp;C:\Program Files (x86)\DBank\ClickUp
USERNAME=whu
OS=Windows_NT
PROCESSOR_IDENTIFIER=Intel64 Family 6 Model 37 Stepping 5, GenuineIntel



---------------  S Y S T E M  ---------------

OS: Windows NT 6.1 Build 7601 Service Pack 1

CPU:total 4 (8 cores per cpu, 2 threads per core) family 6 model 5 stepping 5, cmov, cx8, fxsr, mmx, sse, sse2, sse3, ssse3, ht

Memory: 4k page, physical 4194303k(2752264k free), swap 4194303k(4194303k free)

vm_info: Java HotSpot(TM) Client VM (11.0-b15) for windows-x86 JRE (1.6.0_10-rc2-b32), built on Sep 12 2008 00:52:11 by "java_re" with MS VC++ 7.1

time: Wed Apr 15 19:51:34 2015
elapsed time: 121 seconds

