#
# An unexpected error has been detected by Java Runtime Environment:
#
#  EXCEPTION_ACCESS_VIOLATION (0xc0000005) at pc=0x6d90df57, pid=11844, tid=17416
#
# Java VM: Java HotSpot(TM) Client VM (11.0-b15 mixed mode windows-x86)
# Problematic frame:
# V  [jvm.dll+0x5df57]
#
# If you would like to submit a bug report, please visit:
#   http://java.sun.com/webapps/bugreport/crash.jsp
#

---------------  T H R E A D  ---------------

Current thread (0x02424c00):  VMThread [stack: 0x0c4c0000,0x0c510000] [id=17416]

siginfo: ExceptionCode=0xc0000005, reading address 0x0000000d

Registers:
EAX=0x023a5170, EBX=0x023a51ac, ECX=0x00000001, EDX=0x6da8c108
ESP=0x0c50f598, EBP=0x0020f0a0, ESI=0x08690600, EDI=0x08690600
EIP=0x6d90df57, EFLAGS=0x00010283

Top of Stack: (sp=0x0c50f598)
0x0c50f598:   08690600 08690600 6da2ecc0 6d8ce6eb
0x0c50f5a8:   08690600 0c50f5f0 0c50f5f0 00000002
0x0c50f5b8:   023a2320 6d95f8b1 08690650 023a4fc8
0x0c50f5c8:   6d95f681 023a5170 6d92e9e3 0c50f5f0
0x0c50f5d8:   00000000 023a2378 08690650 6d95f497
0x0c50f5e8:   0c50f5f0 00000000 6da948c8 08690650
0x0c50f5f8:   00000000 6d95a123 08690650 08690650
0x0c50f608:   00000000 0c50f720 00000000 6d9ef6a3 

Instructions: (pc=0x6d90df57)
0x6d90df47:   cc cc cc cc cc cc cc cc cc 51 56 8b f1 8b 4e 04
0x6d90df57:   8b 51 0c 83 c1 08 8b c2 c1 f8 02 85 d2 89 54 24 


Stack: [0x0c4c0000,0x0c510000],  sp=0x0c50f598,  free space=317k
Native frames: (J=compiled Java code, j=interpreted, Vv=VM code, C=native code)
V  [jvm.dll+0x5df57]

VM_Operation (0x0025f5ac): GenCollectForAllocation, mode: safepoint, requested by thread 0x0020dc00


---------------  P R O C E S S  ---------------

Java Threads: ( => current thread )
  0x0cbedc00 JavaThread "Low Memory Detector" daemon [_thread_blocked, id=17496, stack(0x0ce20000,0x0ce70000)]
  0x0cbe9800 JavaThread "CompilerThread0" daemon [_thread_blocked, id=17768, stack(0x0caf0000,0x0cb40000)]
  0x0247f000 JavaThread "JDWP Command Reader" daemon [_thread_in_native, id=12928, stack(0x0ca60000,0x0cab0000)]
  0x0247ec00 JavaThread "JDWP Event Helper Thread" daemon [_thread_blocked, id=17728, stack(0x0c990000,0x0c9e0000)]
  0x0247d000 JavaThread "JDWP Transport Listener: dt_socket" daemon [_thread_blocked, id=18156, stack(0x0c8c0000,0x0c910000)]
  0x0246e400 JavaThread "Attach Listener" daemon [_thread_blocked, id=12364, stack(0x0c700000,0x0c750000)]
  0x0243f000 JavaThread "Signal Dispatcher" daemon [_thread_blocked, id=14260, stack(0x0c670000,0x0c6c0000)]
  0x0242d000 JavaThread "Finalizer" daemon [_thread_blocked, id=16052, stack(0x0c5e0000,0x0c630000)]
  0x02428400 JavaThread "Reference Handler" daemon [_thread_blocked, id=18320, stack(0x0c550000,0x0c5a0000)]
  0x0020dc00 JavaThread "main" [_thread_blocked, id=14468, stack(0x00210000,0x00260000)]

Other Threads:
=>0x02424c00 VMThread [stack: 0x0c4c0000,0x0c510000] [id=17416]
  0x0cbf8c00 WatcherThread [stack: 0x0ceb0000,0x0cf00000] [id=17492]

VM state:at safepoint (normal execution)

VM Mutex/Monitor currently owned by a thread:  ([mutex/lock_event])
[0x0020c108] UNKNOWN - owner thread: 0x02424c00
[0x0020c568] UNKNOWN - owner thread: 0x0020dc00

Heap
 def new generation   total 4544K, used 0K [0x04480000, 0x04960000, 0x04960000)
  eden space 4096K,   0% used [0x04480000, 0x04480000, 0x04880000)
  from space 448K,   0% used [0x04880000, 0x04880000, 0x048f0000)
  to   space 448K,   0% used [0x048f0000, 0x048f0000, 0x04960000)
 tenured generation   total 60544K, used 55767K [0x04960000, 0x08480000, 0x08480000)
   the space 60544K,  92% used [0x04960000, 0x07fd5e08, 0x07b25e00, 0x08480000)
 compacting perm gen  total 12288K, used 3324K [0x08480000, 0x09080000, 0x0c480000)
   the space 12288K,  27% used [0x08480000, 0x087bf120, 0x08796800, 0x09080000)
No shared spaces configured.

Dynamic libraries:
0x00400000 - 0x00424000 	C:\Program Files (x86)\Java\jdk1.6.0_10\bin\javaw.exe
0x777b0000 - 0x77930000 	C:\Windows\SysWOW64\ntdll.dll
0x76f50000 - 0x77060000 	C:\Windows\syswow64\kernel32.dll
0x75a00000 - 0x75a47000 	C:\Windows\syswow64\KERNELBASE.dll
0x75960000 - 0x75a00000 	C:\Windows\syswow64\ADVAPI32.dll
0x76600000 - 0x766ac000 	C:\Windows\syswow64\msvcrt.dll
0x768f0000 - 0x76909000 	C:\Windows\SysWOW64\sechost.dll
0x77180000 - 0x77270000 	C:\Windows\syswow64\RPCRT4.dll
0x74cb0000 - 0x74d10000 	C:\Windows\syswow64\SspiCli.dll
0x74ca0000 - 0x74cac000 	C:\Windows\syswow64\CRYPTBASE.dll
0x76770000 - 0x76870000 	C:\Windows\syswow64\USER32.dll
0x76340000 - 0x763d0000 	C:\Windows\syswow64\GDI32.dll
0x77140000 - 0x7714a000 	C:\Windows\syswow64\LPK.dll
0x76560000 - 0x765fd000 	C:\Windows\syswow64\USP10.dll
0x75d10000 - 0x75d70000 	C:\Windows\system32\IMM32.DLL
0x76d40000 - 0x76e0c000 	C:\Windows\syswow64\MSCTF.dll
0x7c340000 - 0x7c396000 	C:\Program Files (x86)\Java\jdk1.6.0_10\jre\bin\msvcr71.dll
0x6d8b0000 - 0x6db06000 	C:\Program Files (x86)\Java\jdk1.6.0_10\jre\bin\client\jvm.dll
0x76130000 - 0x76162000 	C:\Windows\syswow64\WINMM.dll
0x72b00000 - 0x72b4c000 	C:\Windows\system32\apphelp.dll
0x6d330000 - 0x6d338000 	C:\Program Files (x86)\Java\jdk1.6.0_10\jre\bin\hpi.dll
0x766b0000 - 0x766b5000 	C:\Windows\syswow64\PSAPI.DLL
0x6d420000 - 0x6d449000 	C:\Program Files (x86)\Java\jdk1.6.0_10\jre\bin\jdwp.dll
0x6d750000 - 0x6d756000 	C:\Program Files (x86)\Java\jdk1.6.0_10\jre\bin\npt.dll
0x6d860000 - 0x6d86c000 	C:\Program Files (x86)\Java\jdk1.6.0_10\jre\bin\verify.dll
0x6d3d0000 - 0x6d3ef000 	C:\Program Files (x86)\Java\jdk1.6.0_10\jre\bin\java.dll
0x6d8a0000 - 0x6d8af000 	C:\Program Files (x86)\Java\jdk1.6.0_10\jre\bin\zip.dll
0x6d2a0000 - 0x6d2a7000 	C:\Program Files (x86)\Java\jdk1.6.0_10\jre\bin\dt_socket.dll
0x76520000 - 0x76555000 	C:\Windows\syswow64\WS2_32.dll
0x75af0000 - 0x75af6000 	C:\Windows\syswow64\NSI.dll
0x746f0000 - 0x74700000 	C:\Windows\system32\NLAapi.dll
0x745f0000 - 0x74600000 	C:\Windows\system32\napinsp.dll
0x6e640000 - 0x6e652000 	C:\Windows\system32\pnrpnsp.dll
0x72810000 - 0x7284c000 	C:\Windows\System32\mswsock.dll
0x72cc0000 - 0x72d04000 	C:\Windows\system32\DNSAPI.dll
0x70d30000 - 0x70d38000 	C:\Windows\System32\winrnr.dll
0x73000000 - 0x7301c000 	C:\Windows\system32\IPHLPAPI.DLL
0x72ff0000 - 0x72ff7000 	C:\Windows\system32\WINNSI.DLL
0x70180000 - 0x701b8000 	C:\Windows\System32\fwpuclnt.dll
0x70db0000 - 0x70db6000 	C:\Windows\system32\rasadhlp.dll
0x728c0000 - 0x728c5000 	C:\Windows\System32\wshtcpip.dll

VM Arguments:
jvm_args: -agentlib:jdwp=transport=dt_socket,suspend=y,address=localhost:10971 -Dfile.encoding=GBK -Xbootclasspath/p:E:\eclipse\Common\plugins\com.genuitec.eclipse.j2eedt.core_9.0.0.me201106292137\data\libraryset\EE_5\javaee.jar;E:\eclipse\Common\plugins\com.genuitec.eclipse.j2eedt.core_9.0.0.me201106292137\data\libraryset\EE_5\jsf-impl.jar;E:\eclipse\Common\plugins\com.genuitec.eclipse.j2eedt.core_9.0.0.me201106292137\data\libraryset\EE_5\jsf-api.jar;E:\eclipse\Common\plugins\com.genuitec.eclipse.j2eedt.core_9.0.0.me201106292137\data\libraryset\EE_5\jstl-1.2.jar 
java_command: sparseData.AdaptMainFunctionANNInputLengthDegreeRatioExpectationDeviation
Launcher Type: SUN_STANDARD

Environment Variables:
JAVA_HOME=C:\Program Files (x86)\Java\jdk1.6.0_10
PATH=C:\Program Files (x86)\Java\jdk1.6.0_10\jre\bin;E:\software\product\11.2.0\client_1\bin;C:\ProgramData\Oracle\Java\javapath;E:\oracle\product\10.2.0\client_1\bin;C:\Windows\system32;C:\Windows;C:\Windows\System32\Wbem;C:\Windows\System32\WindowsPowerShell\v1.0\;C:\Program Files (x86)\ATI Technologies\ATI.ACE\Core-Static;C:\Program Files (x86)\Microsoft SQL Server\100\Tools\Binn\;C:\Program Files\Microsoft SQL Server\100\Tools\Binn\;C:\Program Files\Microsoft SQL Server\100\DTS\Binn\;e:\Program Files\MATLAB\R2012a\runtime\win64;e:\Program Files\MATLAB\R2012a\bin;C:\Program Files (x86)\Java\jdk1.6.0_10\bin;E:\Program Files (x86)\TortoiseSVN\bin;C:\Program Files (x86)\Java\jdk1.6.0_10\lib\dt.jar;C:\Program Files (x86)\Java\jdk1.6.0_10\lib\tools.jar;E:\apache-tomcat-6.0.35\common\lib\servlet.jar;ArcGIS Desktop\java\lib;ArcGIS Desktop\java\jre;ArcGIS Desktop\bin;E:\software\matlab\runtime\win64;E:\software\matlab\bin;C:\Program Files (x86)\IDM Computer Solutions\UltraEdit\;C:\Program Files (x86)\DBank\ClickUp;C:\Program Files (x86)\DBank\ClickUp
USERNAME=whu
OS=Windows_NT
PROCESSOR_IDENTIFIER=Intel64 Family 6 Model 37 Stepping 5, GenuineIntel



---------------  S Y S T E M  ---------------

OS: Windows NT 6.1 Build 7601 Service Pack 1

CPU:total 4 (8 cores per cpu, 2 threads per core) family 6 model 5 stepping 5, cmov, cx8, fxsr, mmx, sse, sse2, sse3, ssse3, ht

Memory: 4k page, physical 4194303k(1886808k free), swap 4194303k(4194303k free)

vm_info: Java HotSpot(TM) Client VM (11.0-b15) for windows-x86 JRE (1.6.0_10-rc2-b32), built on Sep 12 2008 00:52:11 by "java_re" with MS VC++ 7.1

time: Wed Apr 15 18:18:02 2015
elapsed time: 4856 seconds

